2025-10-18 06:07:54,790 - src.database.database - INFO - Database singleton initialized successfully
2025-10-18 06:07:54,795 - src.database.database - INFO - Database tables created successfully
2025-10-18 06:07:54,795 - src.database.database - INFO - ✅ Columna 'supplier' ya existe en la base de datos
2025-10-18 06:07:54,796 - src.database.database - INFO - Database tables created successfully
2025-10-18 06:07:54,797 - src.ui.app_state - INFO - Application services initialized
2025-10-18 06:12:53,099 - src.database.database - INFO - Database singleton initialized successfully
2025-10-18 06:12:53,106 - src.database.database - INFO - Database tables created successfully
2025-10-18 06:12:53,107 - src.database.database - INFO - ✅ Columna 'supplier' ya existe en la base de datos
2025-10-18 06:12:53,107 - src.database.database - INFO - Database tables created successfully
2025-10-18 06:12:53,108 - src.ui.app_state - INFO - Application services initialized
2025-10-18 06:13:49,680 - src.database.database - INFO - Database singleton initialized successfully
2025-10-18 06:13:49,686 - src.database.database - INFO - Database tables created successfully
2025-10-18 06:13:49,687 - src.database.database - INFO - ✅ Columna 'supplier' ya existe en la base de datos
2025-10-18 06:13:49,687 - src.database.database - INFO - Database tables created successfully
2025-10-18 06:13:49,688 - src.ui.app_state - INFO - Application services initialized
2025-10-18 06:15:54,101 - src.database.database - INFO - Database singleton initialized successfully
2025-10-18 06:15:54,106 - src.database.database - INFO - Database tables created successfully
2025-10-18 06:15:54,107 - src.database.database - INFO - ✅ Columna 'supplier' ya existe en la base de datos
2025-10-18 06:15:54,108 - src.database.database - INFO - Database tables created successfully
2025-10-18 06:15:54,109 - src.ui.app_state - INFO - Application services initialized
2025-10-18 06:16:43,472 - src.database.database - INFO - Database singleton initialized successfully
2025-10-18 06:16:43,481 - src.database.database - INFO - Database tables created successfully
2025-10-18 06:16:43,482 - src.database.database - INFO - ✅ Columna 'supplier' ya existe en la base de datos
2025-10-18 06:16:47,522 - src.database.database - INFO - Database tables created successfully
2025-10-18 06:16:47,524 - src.database.database - INFO - ✅ Columna 'supplier' ya existe en la base de datos
2025-10-18 06:20:31,907 - src.database.database - INFO - Database singleton initialized successfully
2025-10-18 06:20:31,912 - src.database.database - INFO - Database tables created successfully
2025-10-18 06:20:31,913 - src.database.database - INFO - ✅ Columna 'supplier' ya existe en la base de datos
2025-10-18 06:20:31,914 - src.database.database - INFO - Database tables created successfully
2025-10-18 06:20:31,914 - src.ui.app_state - INFO - Application services initialized
2025-10-18 06:20:36,586 - src.database.database - INFO - Database tables created successfully
2025-10-18 06:20:36,591 - src.database.database - INFO - ✅ Columna 'supplier' ya existe en la base de datos
2025-10-18 06:20:43,897 - src.database.database - INFO - Database tables created successfully
2025-10-18 06:20:43,899 - src.database.database - INFO - ✅ Columna 'supplier' ya existe en la base de datos
2025-10-18 06:20:45,663 - ProductRepository - INFO - Product updated: FILTRO-4 (ID: 4)
2025-10-18 06:20:45,667 - ProductRepository - INFO - Product updated: HERRAMIENTA-1 (ID: 5)
2025-10-18 06:20:45,668 - ProductRepository - INFO - Product updated: HERRAMIENTA-2 (ID: 6)
2025-10-18 06:20:45,671 - src.database.database - INFO - Database tables created successfully
2025-10-18 06:20:45,671 - src.database.database - INFO - ✅ Columna 'supplier' ya existe en la base de datos
2025-10-18 06:21:04,305 - src.database.database - INFO - Database tables created successfully
2025-10-18 06:21:04,308 - src.database.database - INFO - ✅ Columna 'supplier' ya existe en la base de datos
2025-10-18 06:21:10,551 - src.database.database - INFO - Database tables created successfully
2025-10-18 06:21:10,554 - src.database.database - INFO - ✅ Columna 'supplier' ya existe en la base de datos
2025-10-18 06:21:12,019 - ProductRepository - INFO - Product updated: FILTRO-1 (ID: 1)
2025-10-18 06:21:12,022 - ProductRepository - INFO - Product updated: FILTRO-2 (ID: 2)
2025-10-18 06:21:12,026 - ProductRepository - INFO - Product updated: FILTRO-3 (ID: 3)
2025-10-18 06:21:12,030 - ProductRepository - INFO - Product updated: HERRAMIENTA-3 (ID: 7)
2025-10-18 06:21:12,032 - ProductRepository - INFO - Product updated: HERRAMIENTA-4 (ID: 8)
2025-10-18 06:21:12,035 - ProductRepository - INFO - Product updated: HERRAMIENTA-5 (ID: 9)
2025-10-18 06:21:12,039 - ProductRepository - INFO - Product updated: HERRAMIENTA-6 (ID: 10)
2025-10-18 06:21:12,042 - src.database.database - INFO - Database tables created successfully
2025-10-18 06:21:12,043 - src.database.database - INFO - ✅ Columna 'supplier' ya existe en la base de datos
2025-10-18 06:21:24,346 - src.database.database - INFO - Database tables created successfully
2025-10-18 06:21:24,350 - src.database.database - INFO - ✅ Columna 'supplier' ya existe en la base de datos
2025-10-18 06:21:29,368 - src.database.database - INFO - Database tables created successfully
2025-10-18 06:21:29,370 - src.database.database - INFO - ✅ Columna 'supplier' ya existe en la base de datos
2025-10-18 06:21:30,300 - ProductRepository - ERROR - Error updating product: 'str' object has no attribute 'value'
2025-10-18 06:21:30,300 - src.services.product_service - ERROR - Error updating product 1: 'str' object has no attribute 'value'
2025-10-18 06:21:30,301 - src.ui.pages.product_management_page - ERROR - Error al procesar el archivo CSV para añadir/actualizar productos: 'str' object has no attribute 'value'
2025-10-18 06:21:30,304 - src.database.database - INFO - Database tables created successfully
2025-10-18 06:21:30,305 - src.database.database - INFO - ✅ Columna 'supplier' ya existe en la base de datos
2025-10-18 06:21:43,289 - src.database.database - INFO - Database tables created successfully
2025-10-18 06:21:43,293 - src.database.database - INFO - ✅ Columna 'supplier' ya existe en la base de datos
2025-10-18 06:21:44,402 - ProductRepository - ERROR - Error updating product: 'str' object has no attribute 'value'
2025-10-18 06:21:44,402 - src.services.product_service - ERROR - Error updating product 1: 'str' object has no attribute 'value'
2025-10-18 06:21:44,402 - src.ui.pages.product_management_page - ERROR - Error al procesar el archivo CSV para añadir/actualizar productos: 'str' object has no attribute 'value'
2025-10-18 06:21:44,405 - src.database.database - INFO - Database tables created successfully
2025-10-18 06:21:44,406 - src.database.database - INFO - ✅ Columna 'supplier' ya existe en la base de datos
2025-10-18 06:21:48,773 - src.database.database - INFO - Database tables created successfully
2025-10-18 06:21:48,773 - src.database.database - INFO - ✅ Columna 'supplier' ya existe en la base de datos
2025-10-18 06:21:48,774 - src.database.database - INFO - Database tables created successfully
2025-10-18 06:21:48,774 - src.ui.app_state - INFO - Application services initialized
2025-10-18 06:21:53,801 - src.database.database - INFO - Database tables created successfully
2025-10-18 06:21:53,805 - src.database.database - INFO - ✅ Columna 'supplier' ya existe en la base de datos
2025-10-18 06:21:58,439 - src.database.database - INFO - Database tables created successfully
2025-10-18 06:21:58,442 - src.database.database - INFO - ✅ Columna 'supplier' ya existe en la base de datos
2025-10-18 06:21:59,815 - ProductRepository - ERROR - Error updating product: 'str' object has no attribute 'value'
2025-10-18 06:21:59,815 - src.services.product_service - ERROR - Error updating product 1: 'str' object has no attribute 'value'
2025-10-18 06:21:59,815 - src.ui.pages.product_management_page - ERROR - Error al procesar el archivo CSV para añadir/actualizar productos: 'str' object has no attribute 'value'
2025-10-18 06:21:59,821 - src.database.database - INFO - Database tables created successfully
2025-10-18 06:21:59,822 - src.database.database - INFO - ✅ Columna 'supplier' ya existe en la base de datos
2025-10-18 06:22:07,172 - src.database.database - INFO - Database tables created successfully
2025-10-18 06:22:07,186 - src.database.database - INFO - ✅ Columna 'supplier' ya existe en la base de datos
2025-10-18 06:22:12,306 - src.database.database - INFO - Database tables created successfully
2025-10-18 06:22:12,307 - src.database.database - INFO - ✅ Columna 'supplier' ya existe en la base de datos
2025-10-18 06:22:13,596 - ProductRepository - INFO - Product deleted: 1
2025-10-18 06:22:13,602 - ProductRepository - INFO - Product deleted: 2
2025-10-18 06:22:13,608 - ProductRepository - INFO - Product deleted: 3
2025-10-18 06:22:13,613 - ProductRepository - INFO - Product deleted: 7
2025-10-18 06:22:13,618 - ProductRepository - INFO - Product deleted: 8
2025-10-18 06:22:13,625 - ProductRepository - INFO - Product deleted: 9
2025-10-18 06:22:13,631 - ProductRepository - INFO - Product deleted: 10
2025-10-18 06:22:13,639 - src.database.database - INFO - Database tables created successfully
2025-10-18 06:22:13,642 - src.database.database - INFO - ✅ Columna 'supplier' ya existe en la base de datos
2025-10-18 06:22:24,277 - src.database.database - INFO - Database tables created successfully
2025-10-18 06:22:24,283 - src.database.database - INFO - ✅ Columna 'supplier' ya existe en la base de datos
2025-10-18 06:22:27,889 - src.database.database - INFO - Database tables created successfully
2025-10-18 06:22:27,891 - src.database.database - INFO - ✅ Columna 'supplier' ya existe en la base de datos
2025-10-18 06:22:33,190 - src.database.database - INFO - Database tables created successfully
2025-10-18 06:22:33,193 - src.database.database - INFO - ✅ Columna 'supplier' ya existe en la base de datos
2025-10-18 06:22:34,694 - ProductRepository - INFO - Product updated: FILTRO-1 (ID: 1)
2025-10-18 06:22:34,699 - ProductRepository - INFO - Product updated: FILTRO-2 (ID: 2)
2025-10-18 06:22:34,703 - ProductRepository - INFO - Product updated: FILTRO-3 (ID: 3)
2025-10-18 06:22:34,707 - ProductRepository - INFO - Product updated: HERRAMIENTA-3 (ID: 7)
2025-10-18 06:22:34,713 - ProductRepository - INFO - Product updated: HERRAMIENTA-4 (ID: 8)
2025-10-18 06:22:34,716 - ProductRepository - INFO - Product updated: HERRAMIENTA-5 (ID: 9)
2025-10-18 06:22:34,722 - ProductRepository - INFO - Product updated: HERRAMIENTA-6 (ID: 10)
2025-10-18 06:22:34,726 - src.database.database - INFO - Database tables created successfully
2025-10-18 06:22:34,728 - src.database.database - INFO - ✅ Columna 'supplier' ya existe en la base de datos
2025-10-18 06:22:42,919 - src.database.database - INFO - Database tables created successfully
2025-10-18 06:22:42,928 - src.database.database - INFO - ✅ Columna 'supplier' ya existe en la base de datos
2025-10-18 06:22:46,057 - src.database.database - INFO - Database tables created successfully
2025-10-18 06:22:46,066 - src.database.database - INFO - ✅ Columna 'supplier' ya existe en la base de datos
2025-10-18 06:22:51,197 - src.database.database - INFO - Database tables created successfully
2025-10-18 06:22:51,199 - src.database.database - INFO - ✅ Columna 'supplier' ya existe en la base de datos
2025-10-18 06:22:52,663 - ProductRepository - ERROR - Error updating product: 'str' object has no attribute 'value'
2025-10-18 06:22:52,663 - src.services.product_service - ERROR - Error updating product 1: 'str' object has no attribute 'value'
2025-10-18 06:22:52,663 - src.ui.pages.product_management_page - ERROR - Error al procesar el archivo CSV para añadir/actualizar productos: 'str' object has no attribute 'value'
2025-10-18 06:22:52,666 - src.database.database - INFO - Database tables created successfully
2025-10-18 06:22:52,666 - src.database.database - INFO - ✅ Columna 'supplier' ya existe en la base de datos
2025-10-18 06:23:02,517 - src.database.database - INFO - Database tables created successfully
2025-10-18 06:23:02,518 - src.database.database - INFO - ✅ Columna 'supplier' ya existe en la base de datos
2025-10-18 06:23:03,492 - ProductRepository - INFO - Product updated: FILTRO-1 (ID: 1)
2025-10-18 06:23:03,496 - ProductRepository - INFO - Product updated: FILTRO-2 (ID: 2)
2025-10-18 06:23:03,498 - ProductRepository - INFO - Product updated: FILTRO-3 (ID: 3)
2025-10-18 06:23:03,501 - ProductRepository - INFO - Product updated: HERRAMIENTA-3 (ID: 7)
2025-10-18 06:23:03,504 - ProductRepository - INFO - Product updated: HERRAMIENTA-4 (ID: 8)
2025-10-18 06:23:03,508 - ProductRepository - INFO - Product updated: HERRAMIENTA-5 (ID: 9)
2025-10-18 06:23:03,512 - ProductRepository - INFO - Product updated: HERRAMIENTA-6 (ID: 10)
2025-10-18 06:23:03,516 - src.database.database - INFO - Database tables created successfully
2025-10-18 06:23:03,518 - src.database.database - INFO - ✅ Columna 'supplier' ya existe en la base de datos
2025-10-18 06:23:33,010 - src.database.database - INFO - Database tables created successfully
2025-10-18 06:23:33,011 - src.database.database - INFO - ✅ Columna 'supplier' ya existe en la base de datos
2025-10-18 06:23:37,645 - src.database.database - INFO - Database tables created successfully
2025-10-18 06:23:37,653 - src.database.database - INFO - ✅ Columna 'supplier' ya existe en la base de datos
2025-10-18 06:23:39,028 - ProductRepository - ERROR - Error updating product: 'str' object has no attribute 'value'
2025-10-18 06:23:39,028 - src.services.product_service - ERROR - Error updating product 1: 'str' object has no attribute 'value'
2025-10-18 06:23:39,028 - src.ui.pages.product_management_page - ERROR - Error al procesar el archivo CSV para añadir/actualizar productos: 'str' object has no attribute 'value'
2025-10-18 06:23:39,040 - src.database.database - INFO - Database tables created successfully
2025-10-18 06:23:39,041 - src.database.database - INFO - ✅ Columna 'supplier' ya existe en la base de datos
2025-10-18 06:25:20,187 - src.database.database - INFO - Database singleton initialized successfully
2025-10-18 06:25:20,195 - src.database.database - INFO - Database tables created successfully
2025-10-18 06:25:20,196 - src.database.database - INFO - ✅ Columna 'supplier' ya existe en la base de datos
2025-10-18 06:25:20,197 - src.database.database - INFO - Database tables created successfully
2025-10-18 06:25:20,198 - src.ui.app_state - INFO - Application services initialized
2025-10-18 06:25:28,172 - src.database.database - INFO - Database tables created successfully
2025-10-18 06:25:28,176 - src.database.database - INFO - ✅ Columna 'supplier' ya existe en la base de datos
2025-10-18 06:25:32,357 - src.database.database - INFO - Database tables created successfully
2025-10-18 06:25:32,358 - src.database.database - INFO - ✅ Columna 'supplier' ya existe en la base de datos
2025-10-18 06:25:34,144 - ProductRepository - INFO - Product updated: FILTRO-1 (ID: 1)
2025-10-18 06:25:34,149 - ProductRepository - INFO - Product updated: FILTRO-2 (ID: 2)
2025-10-18 06:25:34,153 - ProductRepository - INFO - Product updated: FILTRO-3 (ID: 3)
2025-10-18 06:25:34,161 - ProductRepository - INFO - Product updated: FILTRO-4 (ID: 4)
2025-10-18 06:25:34,171 - ProductRepository - INFO - Product updated: HERRAMIENTA-1 (ID: 5)
2025-10-18 06:25:34,177 - ProductRepository - INFO - Product updated: HERRAMIENTA-2 (ID: 6)
2025-10-18 06:25:34,182 - ProductRepository - INFO - Product updated: HERRAMIENTA-3 (ID: 7)
2025-10-18 06:25:34,183 - ProductRepository - INFO - Product updated: HERRAMIENTA-4 (ID: 8)
2025-10-18 06:25:34,185 - ProductRepository - INFO - Product updated: HERRAMIENTA-5 (ID: 9)
2025-10-18 06:25:34,187 - ProductRepository - INFO - Product updated: HERRAMIENTA-6 (ID: 10)
2025-10-18 06:25:34,191 - src.database.database - INFO - Database tables created successfully
2025-10-18 06:25:34,192 - src.database.database - INFO - ✅ Columna 'supplier' ya existe en la base de datos
2025-10-18 06:25:55,393 - src.database.database - INFO - Database tables created successfully
2025-10-18 06:25:55,399 - src.database.database - INFO - ✅ Columna 'supplier' ya existe en la base de datos
2025-10-18 06:26:00,762 - src.database.database - INFO - Database tables created successfully
2025-10-18 06:26:00,765 - src.database.database - INFO - ✅ Columna 'supplier' ya existe en la base de datos
2025-10-18 06:26:02,484 - ProductRepository - INFO - Product updated: FILTRO-4 (ID: 4)
2025-10-18 06:26:02,488 - ProductRepository - INFO - Product updated: HERRAMIENTA-1 (ID: 5)
2025-10-18 06:26:02,491 - ProductRepository - INFO - Product updated: HERRAMIENTA-2 (ID: 6)
2025-10-18 06:26:02,495 - src.database.database - INFO - Database tables created successfully
2025-10-18 06:26:02,496 - src.database.database - INFO - ✅ Columna 'supplier' ya existe en la base de datos
2025-10-18 06:26:10,074 - src.database.database - INFO - Database tables created successfully
2025-10-18 06:26:10,090 - src.database.database - INFO - ✅ Columna 'supplier' ya existe en la base de datos
2025-10-18 06:26:15,481 - src.database.database - INFO - Database tables created successfully
2025-10-18 06:26:15,482 - src.database.database - INFO - ✅ Columna 'supplier' ya existe en la base de datos
2025-10-18 06:26:16,835 - ProductRepository - INFO - Product updated: FILTRO-1 (ID: 1)
2025-10-18 06:26:16,839 - ProductRepository - INFO - Product updated: FILTRO-2 (ID: 2)
2025-10-18 06:26:16,843 - ProductRepository - INFO - Product updated: FILTRO-3 (ID: 3)
2025-10-18 06:26:16,848 - ProductRepository - INFO - Product updated: FILTRO-4 (ID: 4)
2025-10-18 06:26:16,855 - ProductRepository - INFO - Product updated: HERRAMIENTA-1 (ID: 5)
2025-10-18 06:26:16,863 - ProductRepository - INFO - Product updated: HERRAMIENTA-2 (ID: 6)
2025-10-18 06:26:16,869 - ProductRepository - INFO - Product updated: HERRAMIENTA-3 (ID: 7)
2025-10-18 06:26:16,884 - ProductRepository - INFO - Product updated: HERRAMIENTA-4 (ID: 8)
2025-10-18 06:26:16,891 - ProductRepository - INFO - Product updated: HERRAMIENTA-5 (ID: 9)
2025-10-18 06:26:16,896 - ProductRepository - INFO - Product updated: HERRAMIENTA-6 (ID: 10)
2025-10-18 06:26:16,898 - src.database.database - INFO - Database tables created successfully
2025-10-18 06:26:16,899 - src.database.database - INFO - ✅ Columna 'supplier' ya existe en la base de datos
